2026-06-29 12:10:23,487 [INFO] Starting funding rate streamer (real-time WebSocket mode)
2026-06-29 12:10:24,368 [INFO] [Delta] connected
2026-06-29 12:10:24,449 [INFO] [Pi42] connected
2026-06-29 12:16:48,358 [INFO] Starting funding rate streamer (real-time WebSocket mode)
2026-06-29 12:16:49,558 [INFO] connected
2026-06-29 12:16:49,580 [INFO] connected
2026-06-29 12:19:22,649 [INFO] [fetch_rates] Starting funding rate streamer (real-time WebSocket mode)
2026-06-29 12:19:23,614 [INFO] [pi42_client] connected
2026-06-29 12:19:24,131 [INFO] [delta_client] connected
2026-06-29 13:00:29,673 [WARNING] [delta_client] connection error: no close frame received or sent. Reconnec2026-06-29 13:00:29,674 [WARNING] connection error: no close frame received or sent. Reconnecting in 5s...
5s...
2026-06-29 13:00:29,676 [WARNING] [pi42_client] connection error: no close frame received or sent. Reconnecting in 5s...
2026-06-29 13:00:29,676 [WARNING] [Delta] connection error: no close frame received or sent. Reconnecting in 5s...
2026-06-29 13:00:34,686 [WARNING] [Delta] connection error: [Errno 11001] getaddrinfo failed. Reconnecting in 10s...
2026-06-29 13:00:34,686 [WARNING] [delta_client] connection error: [Errno 11001] getaddrinfo failed. Reconnecting in 10s...
2026-06-29 13:00:34,686 [WARNING] [Pi42] connection error: [Errno 11001] getaddrinfo failed. Reconnecting in 10s...
2026-06-29 13:00:34,686 [WARNING] [pi42_client] connection error: [Errno 11001] getaddrinfo failed. Reconnecting in 10s...
2026-06-29 13:00:44,695 [WARNING] connection error: [Errno 11001] getaddrinfo failed. Reconnecting in 20s...
ing in 20s...
2026-06-29 13:00:44,696 [WARNING] [pi42_client] connection error: [Errno 11001] getaddrinfo failed. Reconnecting in 20s...
2026-06-29 13:00:44,696 [WARNING] [Pi42] connection error: [Errno 11001] getaddrinfo failed. Reconnecting in 20s...
2026-06-29 13:00:44,697 [WARNING] [Delta] connection error: [Errno 11001] getaddrinfo failed. Reconnecting in 20s...
2026-06-29 13:01:05,808 [INFO] connected
2026-06-29 13:01:06,013 [INFO] [Pi42] connected
2026-06-29 13:01:06,218 [INFO] [Delta] connected
2026-06-29 13:01:06,443 [INFO] connected
2026-06-29 13:01:06,443 [INFO] [delta_client] connected
2026-06-29 13:01:07,261 [INFO] [pi42_client] connected
2026-06-29 13:07:00,299 [INFO] [fetch_rates] Starting funding rate streamer (real-time WebSocket mode)
2026-06-29 13:07:00,766 [INFO] [pi42_client] connected
2026-06-29 13:07:01,120 [INFO] [delta_client] connected
2026-06-29 13:23:51,586 [WARNING] [delta_client] connection error: sent 1011 (internal error) keepalive ping timeout; no close frame received. Reconnecting in 5s...
2026-06-29 13:23:57,355 [INFO] [delta_client] connected
2026-06-29 13:47:00,562 [INFO] [fetch_rates] Starting funding rate streamer (real-time WebSocket mode)
2026-06-29 13:47:10,469 [INFO] [delta_client] connected
2026-06-29 13:47:10,788 [INFO] [pi42_client] connected
2026-06-29 13:56:23,963 [INFO] [fetch_rates] Starting funding rate streamer (real-time WebSocket mode)
2026-06-29 13:56:32,918 [INFO] [delta_client] connected
2026-06-29 13:56:34,179 [WARNING] [pi42_client] connection error: timed out during opening handshake. Reconnecting in 5s...
2026-06-29 13:56:46,932 [INFO] [pi42_client] connected
2026-06-29 22:43:11,865 [INFO] [fetch_rates] Starting funding rate streamer (real-time WebSocket mode)
2026-06-29 22:43:12,392 [INFO] [pi42_client] connected
2026-06-29 22:43:12,747 [INFO] [delta_client] connected
2026-06-29 22:43:56,280 [INFO] [fetch_rates] Starting funding rate streamer (real-time WebSocket mode)
2026-06-29 22:43:56,886 [INFO] [pi42_client] connected
2026-06-29 22:43:56,995 [INFO] [delta_client] connected
